<?xml version="1.0" encoding="UTF-8"?>
<robot generator="Robot 6.0.2 (Python 3.11.1 on win32)" generated="20230131 15:57:48.165" rpa="false" schemaversion="3">
<suite id="s1" name="Bookingflights" source="C:\Users\40032486\project1\booking\bookingflights.robot">
<test id="s1-t1" name="TC1" line="13">
<kw name="Launch Browser And Navigate To Url" library="common_functionalities" type="SETUP">
<kw name="Open Browser" library="SeleniumLibrary">
<arg>browser=${BROWSER_NAME}</arg>
<doc>Opens a new browser instance to the optional ``url``.</doc>
<msg timestamp="20230131 15:57:49.369" level="INFO">Opening browser 'chrome' to base url 'None'.</msg>
<status status="PASS" starttime="20230131 15:57:49.369" endtime="20230131 15:57:51.518"/>
</kw>
<kw name="Maximize Browser Window" library="SeleniumLibrary">
<doc>Maximizes current browser window.</doc>
<status status="PASS" starttime="20230131 15:57:51.518" endtime="20230131 15:57:51.645"/>
</kw>
<kw name="Set Selenium Implicit Wait" library="SeleniumLibrary">
<arg>20s</arg>
<doc>Sets the implicit wait value used by Selenium.</doc>
<status status="PASS" starttime="20230131 15:57:51.646" endtime="20230131 15:57:51.651"/>
</kw>
<kw name="Go To" library="SeleniumLibrary">
<arg>url=${URL}</arg>
<doc>Navigates the current browser window to the provided ``url``.</doc>
<msg timestamp="20230131 15:57:51.653" level="INFO">Opening url 'https://www.amazon.in/amazonpay/home'</msg>
<status status="PASS" starttime="20230131 15:57:51.651" endtime="20230131 15:57:54.572"/>
</kw>
<status status="PASS" starttime="20230131 15:57:49.369" endtime="20230131 15:57:54.573"/>
</kw>
<kw name="Valid Login Template">
<arg>6301752050</arg>
<arg>Blessy@123</arg>
<kw name="Click Element" library="SeleniumLibrary">
<arg>xpath=//span[text()='Hello, sign in']</arg>
<doc>Click the element identified by ``locator``.</doc>
<msg timestamp="20230131 15:57:54.582" level="INFO">Clicking element 'xpath=//span[text()='Hello, sign in']'.</msg>
<status status="PASS" starttime="20230131 15:57:54.580" endtime="20230131 15:57:55.893"/>
</kw>
<kw name="Input Text" library="SeleniumLibrary">
<arg>name=email</arg>
<arg>${email}</arg>
<doc>Types the given ``text`` into the text field identified by ``locator``.</doc>
<msg timestamp="20230131 15:57:55.895" level="INFO">Typing text '6301752050' into text field 'name=email'.</msg>
<status status="PASS" starttime="20230131 15:57:55.894" endtime="20230131 15:57:56.111"/>
</kw>
<kw name="Click Element" library="SeleniumLibrary">
<arg>xpath=//input[@id='continue']</arg>
<doc>Click the element identified by ``locator``.</doc>
<msg timestamp="20230131 15:57:56.111" level="INFO">Clicking element 'xpath=//input[@id='continue']'.</msg>
<status status="PASS" starttime="20230131 15:57:56.111" endtime="20230131 15:58:01.541"/>
</kw>
<kw name="Input Password" library="SeleniumLibrary">
<arg>name=password</arg>
<arg>${password}</arg>
<doc>Types the given password into the text field identified by ``locator``.</doc>
<msg timestamp="20230131 15:58:01.542" level="INFO">Typing password into text field 'name=password'.</msg>
<msg timestamp="20230131 15:58:01.632" level="INFO">Temporally setting log level to: NONE</msg>
<msg timestamp="20230131 15:58:01.701" level="INFO">Log level changed from NONE to INFO.</msg>
<status status="PASS" starttime="20230131 15:58:01.542" endtime="20230131 15:58:01.701"/>
</kw>
<kw name="Click Element" library="SeleniumLibrary">
<arg>xpath=//input[@id='signInSubmit']</arg>
<doc>Click the element identified by ``locator``.</doc>
<msg timestamp="20230131 15:58:01.701" level="INFO">Clicking element 'xpath=//input[@id='signInSubmit']'.</msg>
<status status="PASS" starttime="20230131 15:58:01.701" endtime="20230131 15:58:01.816"/>
</kw>
<kw name="Click Element" library="SeleniumLibrary">
<arg>xpath=//span[text()='Flights']</arg>
<doc>Click the element identified by ``locator``.</doc>
<msg timestamp="20230131 15:58:01.823" level="INFO">Clicking element 'xpath=//span[text()='Flights']'.</msg>
<status status="PASS" starttime="20230131 15:58:01.816" endtime="20230131 15:58:05.733"/>
</kw>
<kw name="Click Element" library="SeleniumLibrary">
<arg>xpath=//button[text()='Search']</arg>
<doc>Click the element identified by ``locator``.</doc>
<msg timestamp="20230131 15:58:05.733" level="INFO">Clicking element 'xpath=//button[text()='Search']'.</msg>
<status status="PASS" starttime="20230131 15:58:05.733" endtime="20230131 15:58:05.849"/>
</kw>
<kw name="Click Element" library="SeleniumLibrary">
<arg>xpath=//button[text()='Book']</arg>
<doc>Click the element identified by ``locator``.</doc>
<msg timestamp="20230131 15:58:05.849" level="INFO">Clicking element 'xpath=//button[text()='Book']'.</msg>
<status status="PASS" starttime="20230131 15:58:05.849" endtime="20230131 15:58:08.033"/>
</kw>
<kw name="Click Element" library="SeleniumLibrary">
<arg>link=Proceed to traveller details</arg>
<doc>Click the element identified by ``locator``.</doc>
<msg timestamp="20230131 15:58:08.033" level="INFO">Clicking element 'link=Proceed to traveller details'.</msg>
<status status="PASS" starttime="20230131 15:58:08.033" endtime="20230131 15:58:10.546"/>
</kw>
<kw name="Click Element" library="SeleniumLibrary">
<arg>xpath=//div[text()='Add new adult']</arg>
<doc>Click the element identified by ``locator``.</doc>
<msg timestamp="20230131 15:58:10.546" level="INFO">Clicking element 'xpath=//div[text()='Add new adult']'.</msg>
<status status="PASS" starttime="20230131 15:58:10.546" endtime="20230131 15:58:11.102"/>
</kw>
<kw name="Click Element" library="SeleniumLibrary">
<arg>xpath=//button[text()='Select']</arg>
<doc>Click the element identified by ``locator``.</doc>
<msg timestamp="20230131 15:58:11.102" level="INFO">Clicking element 'xpath=//button[text()='Select']'.</msg>
<status status="PASS" starttime="20230131 15:58:11.102" endtime="20230131 15:58:11.191"/>
</kw>
<kw name="Click Element" library="SeleniumLibrary">
<arg>xpath=//li[text()='Ms']</arg>
<doc>Click the element identified by ``locator``.</doc>
<msg timestamp="20230131 15:58:11.191" level="INFO">Clicking element 'xpath=//li[text()='Ms']'.</msg>
<status status="PASS" starttime="20230131 15:58:11.191" endtime="20230131 15:58:11.293"/>
</kw>
<kw name="Input Text" library="SeleniumLibrary">
<arg>id=input-firstName</arg>
<arg>blessy</arg>
<doc>Types the given ``text`` into the text field identified by ``locator``.</doc>
<msg timestamp="20230131 15:58:11.295" level="INFO">Typing text 'blessy' into text field 'id=input-firstName'.</msg>
<status status="PASS" starttime="20230131 15:58:11.294" endtime="20230131 15:58:11.455"/>
</kw>
<kw name="Input Text" library="SeleniumLibrary">
<arg>name=lastName</arg>
<arg>T</arg>
<doc>Types the given ``text`` into the text field identified by ``locator``.</doc>
<msg timestamp="20230131 15:58:11.463" level="INFO">Typing text 'T' into text field 'name=lastName'.</msg>
<status status="PASS" starttime="20230131 15:58:11.463" endtime="20230131 15:58:11.601"/>
</kw>
<kw name="Click Element" library="SeleniumLibrary">
<arg>xpath=//button[text()='Add adult']</arg>
<doc>Click the element identified by ``locator``.</doc>
<msg timestamp="20230131 15:58:11.605" level="INFO">Clicking element 'xpath=//button[text()='Add adult']'.</msg>
<status status="PASS" starttime="20230131 15:58:11.601" endtime="20230131 15:58:11.732"/>
</kw>
<kw name="Click Element" library="SeleniumLibrary">
<arg>xpath=//i[@class='d726bd8f _4d2636f0']</arg>
<doc>Click the element identified by ``locator``.</doc>
<msg timestamp="20230131 15:58:11.732" level="INFO">Clicking element 'xpath=//i[@class='d726bd8f _4d2636f0']'.</msg>
<status status="PASS" starttime="20230131 15:58:11.732" endtime="20230131 15:58:11.864"/>
</kw>
<kw name="Input Text" library="SeleniumLibrary">
<arg>name=communication_email</arg>
<arg>blessy.tummapudi@gmail.com</arg>
<doc>Types the given ``text`` into the text field identified by ``locator``.</doc>
<msg timestamp="20230131 15:58:11.873" level="INFO">Typing text 'blessy.tummapudi@gmail.com' into text field 'name=communication_email'.</msg>
<status status="PASS" starttime="20230131 15:58:11.873" endtime="20230131 15:58:12.384"/>
</kw>
<kw name="Click Element" library="SeleniumLibrary">
<arg>xpath=//button[normalize-space()='Proceed to review']</arg>
<doc>Click the element identified by ``locator``.</doc>
<msg timestamp="20230131 15:58:12.384" level="INFO">Clicking element 'xpath=//button[normalize-space()='Proceed to review']'.</msg>
<status status="PASS" starttime="20230131 15:58:12.384" endtime="20230131 15:58:12.494"/>
</kw>
<kw name="Click Element" library="SeleniumLibrary">
<arg>xpath=//i[@class='d726bd8f _4d2636f0']</arg>
<doc>Click the element identified by ``locator``.</doc>
<msg timestamp="20230131 15:58:12.494" level="INFO">Clicking element 'xpath=//i[@class='d726bd8f _4d2636f0']'.</msg>
<status status="PASS" starttime="20230131 15:58:12.494" endtime="20230131 15:58:13.888"/>
</kw>
<kw name="Click Element" library="SeleniumLibrary">
<arg>xpath=//button[normalize-space()='Proceed to Payment']</arg>
<doc>Click the element identified by ``locator``.</doc>
<msg timestamp="20230131 15:58:13.888" level="INFO">Clicking element 'xpath=//button[normalize-space()='Proceed to Payment']'.</msg>
<status status="PASS" starttime="20230131 15:58:13.888" endtime="20230131 15:58:13.963"/>
</kw>
<kw name="Click Element" library="SeleniumLibrary">
<arg>xpath=//input[@name='ppw-instrumentRowSelection']</arg>
<doc>Click the element identified by ``locator``.</doc>
<msg timestamp="20230131 15:58:13.963" level="INFO">Clicking element 'xpath=//input[@name='ppw-instrumentRowSelection']'.</msg>
<status status="PASS" starttime="20230131 15:58:13.963" endtime="20230131 15:58:22.273"/>
</kw>
<kw name="Click Element" library="SeleniumLibrary">
<arg>xpath=//input[@name='ppw-widgetEvent:AddCreditCardEvent']</arg>
<doc>Click the element identified by ``locator``.</doc>
<msg timestamp="20230131 15:58:22.273" level="INFO">Clicking element 'xpath=//input[@name='ppw-widgetEvent:AddCreditCardEvent']'.</msg>
<status status="PASS" starttime="20230131 15:58:22.273" endtime="20230131 15:58:22.367"/>
</kw>
<kw name="Element Should Contain" library="SeleniumLibrary">
<arg>xpath=//h4[text()='There was a problem.']</arg>
<arg>There was a problem.</arg>
<doc>Verifies that element ``locator`` contains text ``expected``.</doc>
<msg timestamp="20230131 15:58:22.418" level="INFO">Element 'xpath=//h4[text()='There was a problem.']' contains text 'There was a problem.'.</msg>
<status status="PASS" starttime="20230131 15:58:22.367" endtime="20230131 15:58:22.418"/>
</kw>
<status status="PASS" starttime="20230131 15:57:54.574" endtime="20230131 15:58:22.418"/>
</kw>
<kw name="Close Browser" library="SeleniumLibrary" type="TEARDOWN">
<doc>Closes the current browser.</doc>
<status status="PASS" starttime="20230131 15:58:22.418" endtime="20230131 15:58:24.766"/>
</kw>
<status status="PASS" starttime="20230131 15:57:49.369" endtime="20230131 15:58:24.766"/>
</test>
<doc>This file contains booking flights</doc>
<status status="PASS" starttime="20230131 15:57:48.169" endtime="20230131 15:58:24.766"/>
</suite>
<statistics>
<total>
<stat pass="1" fail="0" skip="0">All Tests</stat>
</total>
<tag>
</tag>
<suite>
<stat pass="1" fail="0" skip="0" id="s1" name="Bookingflights">Bookingflights</stat>
</suite>
</statistics>
<errors>
</errors>
</robot>
